
Memory Bandwidth (GB/s)
┌───────────────┬─────────┬───────────┐
│ # Threads = 1 │ :serial │ :parallel │
├───────────────┼─────────┼───────────┤
│        :cores │   31.95 │     32.23 │
│      :sockets │   31.98 │     32.22 │
│         :numa │   31.99 │     32.25 │
└───────────────┴─────────┴───────────┘
Compute (GFLOP/s)
┌───────────────┬─────────┬───────────┐
│ # Threads = 1 │ :serial │ :parallel │
├───────────────┼─────────┼───────────┤
│        :cores │    2.66 │      2.69 │
│      :sockets │    2.66 │      2.69 │
│         :numa │    2.67 │      2.69 │
└───────────────┴─────────┴───────────┘

Memory Bandwidth (GB/s)
┌───────────────┬─────────┬───────────┐
│ # Threads = 2 │ :serial │ :parallel │
├───────────────┼─────────┼───────────┤
│        :cores │   36.39 │     36.45 │
│      :sockets │   31.96 │     63.61 │
│         :numa │   41.13 │     62.11 │
└───────────────┴─────────┴───────────┘
Compute (GFLOP/s)
┌───────────────┬─────────┬───────────┐
│ # Threads = 2 │ :serial │ :parallel │
├───────────────┼─────────┼───────────┤
│        :cores │    3.03 │      3.04 │
│      :sockets │    2.66 │       5.3 │
│         :numa │    3.43 │      5.18 │
└───────────────┴─────────┴───────────┘

Memory Bandwidth (GB/s)
┌───────────────┬─────────┬───────────┐
│ # Threads = 4 │ :serial │ :parallel │
├───────────────┼─────────┼───────────┤
│        :cores │   35.41 │     35.42 │
│      :sockets │   36.07 │     72.81 │
│         :numa │    40.8 │    123.31 │
└───────────────┴─────────┴───────────┘
Compute (GFLOP/s)
┌───────────────┬─────────┬───────────┐
│ # Threads = 4 │ :serial │ :parallel │
├───────────────┼─────────┼───────────┤
│        :cores │    2.95 │      2.95 │
│      :sockets │    3.01 │      6.07 │
│         :numa │     3.4 │     10.28 │
└───────────────┴─────────┴───────────┘

Memory Bandwidth (GB/s)
┌───────────────┬─────────┬───────────┐
│ # Threads = 8 │ :serial │ :parallel │
├───────────────┼─────────┼───────────┤
│        :cores │   34.67 │     34.67 │
│      :sockets │   35.43 │     70.41 │
│         :numa │   34.94 │    241.51 │
└───────────────┴─────────┴───────────┘
Compute (GFLOP/s)
┌───────────────┬─────────┬───────────┐
│ # Threads = 8 │ :serial │ :parallel │
├───────────────┼─────────┼───────────┤
│        :cores │    2.89 │      2.89 │
│      :sockets │    2.95 │      5.87 │
│         :numa │    2.91 │     20.13 │
└───────────────┴─────────┴───────────┘

Memory Bandwidth (GB/s)
┌─────────────────┬─────────┬───────────┐
│ # Threads = 128 │ :serial │ :parallel │
├─────────────────┼─────────┼───────────┤
│          :cores │   32.84 │    285.75 │
│        :sockets │   32.06 │    246.84 │
│           :numa │   32.63 │    295.91 │
└─────────────────┴─────────┴───────────┘
Compute (GFLOP/s)
┌─────────────────┬─────────┬───────────┐
│ # Threads = 128 │ :serial │ :parallel │
├─────────────────┼─────────┼───────────┤
│          :cores │    2.74 │     23.81 │
│        :sockets │    2.67 │     20.57 │
│           :numa │    2.72 │     24.66 │
└─────────────────┴─────────┴───────────┘
