Resetting modules to system default. Reseting $MODULEPATH back to system default. All extra directories will be removed from $MODULEPATH.

Memory Bandwidth (GB/s)
┌───────────────┬─────────┬───────────┐
│ # Threads = 1 │ :serial │ :parallel │
├───────────────┼─────────┼───────────┤
│        :cores │   31.91 │     32.44 │
│      :sockets │   31.94 │     32.45 │
│         :numa │    32.0 │     32.44 │
└───────────────┴─────────┴───────────┘
Compute (GFLOP/s)
┌───────────────┬─────────┬───────────┐
│ # Threads = 1 │ :serial │ :parallel │
├───────────────┼─────────┼───────────┤
│        :cores │    2.66 │       2.7 │
│      :sockets │    2.66 │       2.7 │
│         :numa │    2.67 │       2.7 │
└───────────────┴─────────┴───────────┘

Memory Bandwidth (GB/s)
┌───────────────┬─────────┬───────────┐
│ # Threads = 2 │ :serial │ :parallel │
├───────────────┼─────────┼───────────┤
│        :cores │   36.28 │     36.44 │
│      :sockets │   31.88 │     62.84 │
│         :numa │   41.17 │     62.89 │
└───────────────┴─────────┴───────────┘
Compute (GFLOP/s)
┌───────────────┬─────────┬───────────┐
│ # Threads = 2 │ :serial │ :parallel │
├───────────────┼─────────┼───────────┤
│        :cores │    3.02 │      3.04 │
│      :sockets │    2.66 │      5.24 │
│         :numa │    3.43 │      5.24 │
└───────────────┴─────────┴───────────┘

Memory Bandwidth (GB/s)
┌───────────────┬─────────┬───────────┐
│ # Threads = 4 │ :serial │ :parallel │
├───────────────┼─────────┼───────────┤
│        :cores │    35.3 │     35.37 │
│      :sockets │   36.04 │     72.52 │
│         :numa │   40.87 │     124.9 │
└───────────────┴─────────┴───────────┘
Compute (GFLOP/s)
┌───────────────┬─────────┬───────────┐
│ # Threads = 4 │ :serial │ :parallel │
├───────────────┼─────────┼───────────┤
│        :cores │    2.94 │      2.95 │
│      :sockets │     3.0 │      6.04 │
│         :numa │    3.41 │     10.41 │
└───────────────┴─────────┴───────────┘

Memory Bandwidth (GB/s)
┌───────────────┬─────────┬───────────┐
│ # Threads = 8 │ :serial │ :parallel │
├───────────────┼─────────┼───────────┤
│        :cores │   34.58 │     34.57 │
│      :sockets │   35.34 │      70.2 │
│         :numa │   34.98 │    245.91 │
└───────────────┴─────────┴───────────┘
Compute (GFLOP/s)
┌───────────────┬─────────┬───────────┐
│ # Threads = 8 │ :serial │ :parallel │
├───────────────┼─────────┼───────────┤
│        :cores │    2.88 │      2.88 │
│      :sockets │    2.95 │      5.85 │
│         :numa │    2.92 │     20.49 │
└───────────────┴─────────┴───────────┘

Memory Bandwidth (GB/s)
┌─────────────────┬─────────┬───────────┐
│ # Threads = 128 │ :serial │ :parallel │
├─────────────────┼─────────┼───────────┤
│          :cores │   31.79 │     283.9 │
│        :sockets │   31.24 │    243.97 │
│           :numa │   31.35 │    293.48 │
└─────────────────┴─────────┴───────────┘
Compute (GFLOP/s)
┌─────────────────┬─────────┬───────────┐
│ # Threads = 128 │ :serial │ :parallel │
├─────────────────┼─────────┼───────────┤
│          :cores │    2.65 │     23.66 │
│        :sockets │     2.6 │     20.33 │
│           :numa │    2.61 │     24.46 │
└─────────────────┴─────────┴───────────┘
